Build started 3/20/2019 8:50:02 PM.
     1>Project "C:\Users\linh\Downloads\OdmHostedPlayerSample\odm\odm.player\odm.player.lib\odm.player.lib.vcxproj" on node 3 (Rebuild target(s)).
     1>ClCompile:
         C:\Program Files (x86)\Microsoft Visual Studio 12.0\VC\bin\CL.exe /c /Iinclude /I"C:\Users\linh\Downloads\OdmHostedPlayerSample\libs/live555-2013.02.11/liveMedia/include" /I"C:\Users\linh\Downloads\OdmHostedPlayerSample\libs/live555-2013.02.11/UsageEnvironment/include" /I"C:\Users\linh\Downloads\OdmHostedPlayerSample\libs/live555-2013.02.11/groupsock/include" /I"C:\Users\linh\Downloads\OdmHostedPlayerSample\libs/live555-2013.02.11/BasicUsageEnvironment/include" /I"C:\Users\linh\Downloads\OdmHostedPlayerSample\libs/ffmpeg-git-a5c1a0c/include" /Zi /nologo /W4 /WX- /Od /Oy- /D WIN32 /D _DEBUG /D _LIB /D RTSPCLIENT_SYNCHRONOUS_INTERFACE /D _UNICODE /D UNICODE /Gm /EHsc /RTC1 /MDd /GS /fp:precise /Zc:wchar_t /Zc:forScope /Fo"obj\Win32\Debug\\" /Fd"obj\Win32\Debug\vc120.pdb" /Gd /TP /analyze- /errorReport:prompt Live555.cpp .\MetadataCollector.cpp
         MetadataCollector.cpp
     1>c:\users\linh\downloads\odmhostedplayersample\libs\ffmpeg-git-a5c1a0c\include\libavutil\common.h(130): warning C4244: 'return' : conversion from 'int' to 'uint8_t', possible loss of data
     1>c:\users\linh\downloads\odmhostedplayersample\libs\ffmpeg-git-a5c1a0c\include\libavutil\common.h(141): warning C4244: 'return' : conversion from 'int' to 'int8_t', possible loss of data
     1>c:\users\linh\downloads\odmhostedplayersample\libs\ffmpeg-git-a5c1a0c\include\libavutil\common.h(152): warning C4244: 'return' : conversion from 'int' to 'uint16_t', possible loss of data
     1>c:\users\linh\downloads\odmhostedplayersample\libs\ffmpeg-git-a5c1a0c\include\libavutil\common.h(163): warning C4244: 'return' : conversion from 'int' to 'int16_t', possible loss of data
     1>C:\Users\linh\Downloads\OdmHostedPlayerSample\libs\live555-2013.02.11\UsageEnvironment\include\UsageEnvironment.hh(98): warning C4512: 'UsageEnvironment' : assignment operator could not be generated
                 C:\Users\linh\Downloads\OdmHostedPlayerSample\libs\live555-2013.02.11\UsageEnvironment\include\UsageEnvironment.hh(53) : see declaration of 'UsageEnvironment'
     1>c:\users\linh\downloads\odmhostedplayersample\libs\live555-2013.02.11\basicusageenvironment\include\BasicUsageEnvironment0.hh(66): warning C4512: 'BasicUsageEnvironment0' : assignment operator could not be generated
                 c:\users\linh\downloads\odmhostedplayersample\libs\live555-2013.02.11\basicusageenvironment\include\BasicUsageEnvironment0.hh(39) : see declaration of 'BasicUsageEnvironment0'
     1>C:\Users\linh\Downloads\OdmHostedPlayerSample\libs\live555-2013.02.11\BasicUsageEnvironment\include\BasicUsageEnvironment.hh(44): warning C4512: 'BasicUsageEnvironment' : assignment operator could not be generated
                 C:\Users\linh\Downloads\OdmHostedPlayerSample\libs\live555-2013.02.11\BasicUsageEnvironment\include\BasicUsageEnvironment.hh(27) : see declaration of 'BasicUsageEnvironment'
     1>c:\users\linh\downloads\odmhostedplayersample\libs\live555-2013.02.11\livemedia\include\Media.hh(86): warning C4512: 'Medium' : assignment operator could not be generated
                 c:\users\linh\downloads\odmhostedplayersample\libs\live555-2013.02.11\livemedia\include\Media.hh(50) : see declaration of 'Medium'
     1>c:\users\linh\downloads\odmhostedplayersample\libs\live555-2013.02.11\livemedia\include\Media.hh(116): warning C4512: 'MediaLookupTable' : assignment operator could not be generated
                 c:\users\linh\downloads\odmhostedplayersample\libs\live555-2013.02.11\livemedia\include\Media.hh(92) : see declaration of 'MediaLookupTable'
     1>c:\users\linh\downloads\odmhostedplayersample\libs\live555-2013.02.11\livemedia\include\Media.hh(136): warning C4512: '_Tables' : assignment operator could not be generated
                 c:\users\linh\downloads\odmhostedplayersample\libs\live555-2013.02.11\livemedia\include\Media.hh(120) : see declaration of '_Tables'
     1>c:\users\linh\downloads\odmhostedplayersample\libs\live555-2013.02.11\livemedia\include\MediaSource.hh(55): warning C4512: 'MediaSource' : assignment operator could not be generated
                 c:\users\linh\downloads\odmhostedplayersample\libs\live555-2013.02.11\livemedia\include\MediaSource.hh(28) : see declaration of 'MediaSource'
     1>c:\users\linh\downloads\odmhostedplayersample\libs\live555-2013.02.11\livemedia\include\FramedSource.hh(92): warning C4512: 'FramedSource' : assignment operator could not be generated
                 c:\users\linh\downloads\odmhostedplayersample\libs\live555-2013.02.11\livemedia\include\FramedSource.hh(31) : see declaration of 'FramedSource'
     1>C:\Users\linh\Downloads\OdmHostedPlayerSample\libs\live555-2013.02.11\liveMedia\include\MediaSink.hh(67): warning C4512: 'MediaSink' : assignment operator could not be generated
                 C:\Users\linh\Downloads\OdmHostedPlayerSample\libs\live555-2013.02.11\liveMedia\include\MediaSink.hh(28) : see declaration of 'MediaSink'
     1>c:\users\linh\downloads\odmhostedplayersample\libs\live555-2013.02.11\groupsock\include\NetAddress.hh(81): warning C4512: 'NetAddressList::Iterator' : assignment operator could not be generated
                 c:\users\linh\downloads\odmhostedplayersample\libs\live555-2013.02.11\groupsock\include\NetAddress.hh(74) : see declaration of 'NetAddressList::Iterator'
     1>c:\users\linh\downloads\odmhostedplayersample\libs\live555-2013.02.11\groupsock\include\NetInterface.hh(108): warning C4512: 'Socket' : assignment operator could not be generated
                 c:\users\linh\downloads\odmhostedplayersample\libs\live555-2013.02.11\groupsock\include\NetInterface.hh(80) : see declaration of 'Socket'
     1>C:\Users\linh\Downloads\OdmHostedPlayerSample\libs\live555-2013.02.11\groupsock\include\Groupsock.hh(60): warning C4512: 'OutputSocket' : assignment operator could not be generated
                 C:\Users\linh\Downloads\OdmHostedPlayerSample\libs\live555-2013.02.11\groupsock\include\Groupsock.hh(39) : see declaration of 'OutputSocket'
     1>C:\Users\linh\Downloads\OdmHostedPlayerSample\libs\live555-2013.02.11\groupsock\include\Groupsock.hh(156): warning C4512: 'Groupsock' : assignment operator could not be generated
                 C:\Users\linh\Downloads\OdmHostedPlayerSample\libs\live555-2013.02.11\groupsock\include\Groupsock.hh(78) : see declaration of 'Groupsock'
     1>c:\users\linh\downloads\odmhostedplayersample\libs\live555-2013.02.11\livemedia\include\RTPSink.hh(124): warning C4512: 'RTPSink' : assignment operator could not be generated
                 c:\users\linh\downloads\odmhostedplayersample\libs\live555-2013.02.11\livemedia\include\RTPSink.hh(33) : see declaration of 'RTPSink'
     1>c:\users\linh\downloads\odmhostedplayersample\libs\live555-2013.02.11\livemedia\include\RTPSink.hh(168): warning C4512: 'RTPTransmissionStatsDB' : assignment operator could not be generated
                 c:\users\linh\downloads\odmhostedplayersample\libs\live555-2013.02.11\livemedia\include\RTPSink.hh(129) : see declaration of 'RTPTransmissionStatsDB'
     1>c:\users\linh\downloads\odmhostedplayersample\libs\live555-2013.02.11\livemedia\include\RTPSink.hh(223): warning C4512: 'RTPTransmissionStats' : assignment operator could not be generated
                 c:\users\linh\downloads\odmhostedplayersample\libs\live555-2013.02.11\livemedia\include\RTPSink.hh(170) : see declaration of 'RTPTransmissionStats'
     1>c:\users\linh\downloads\odmhostedplayersample\libs\live555-2013.02.11\livemedia\include\RTPSource.hh(110): warning C4512: 'RTPSource' : assignment operator could not be generated
                 c:\users\linh\downloads\odmhostedplayersample\libs\live555-2013.02.11\livemedia\include\RTPSource.hh(33) : see declaration of 'RTPSource'
     1>c:\users\linh\downloads\odmhostedplayersample\libs\live555-2013.02.11\livemedia\include\RTCP.hh(181): warning C4512: 'RTCPInstance' : assignment operator could not be generated
                 c:\users\linh\downloads\odmhostedplayersample\libs\live555-2013.02.11\livemedia\include\RTCP.hh(44) : see declaration of 'RTCPInstance'
     1>c:\users\linh\downloads\odmhostedplayersample\libs\live555-2013.02.11\livemedia\include\FramedFilter.hh(50): warning C4512: 'FramedFilter' : assignment operator could not be generated
                 c:\users\linh\downloads\odmhostedplayersample\libs\live555-2013.02.11\livemedia\include\FramedFilter.hh(28) : see declaration of 'FramedFilter'
     1>C:\Users\linh\Downloads\OdmHostedPlayerSample\libs\live555-2013.02.11\liveMedia\include\MediaSession.hh(137): warning C4512: 'MediaSession' : assignment operator could not be generated
                 C:\Users\linh\Downloads\OdmHostedPlayerSample\libs\live555-2013.02.11\liveMedia\include\MediaSession.hh(58) : see declaration of 'MediaSession'
     1>C:\Users\linh\Downloads\OdmHostedPlayerSample\libs\live555-2013.02.11\liveMedia\include\MediaSession.hh(151): warning C4512: 'MediaSubsessionIterator' : assignment operator could not be generated
                 C:\Users\linh\Downloads\OdmHostedPlayerSample\libs\live555-2013.02.11\liveMedia\include\MediaSession.hh(140) : see declaration of 'MediaSubsessionIterator'
     1>C:\Users\linh\Downloads\OdmHostedPlayerSample\libs\live555-2013.02.11\liveMedia\include\MediaSession.hh(346): warning C4512: 'MediaSubsession' : assignment operator could not be generated
                 C:\Users\linh\Downloads\OdmHostedPlayerSample\libs\live555-2013.02.11\liveMedia\include\MediaSession.hh(154) : see declaration of 'MediaSubsession'
     1>C:\Users\linh\Downloads\OdmHostedPlayerSample\libs\live555-2013.02.11\liveMedia\include\RTSPClient.hh(369): warning C4512: 'RTSPClient' : assignment operator could not be generated
                 C:\Users\linh\Downloads\OdmHostedPlayerSample\libs\live555-2013.02.11\liveMedia\include\RTSPClient.hh(34) : see declaration of 'RTSPClient'
     1>C:\Users\linh\Downloads\OdmHostedPlayerSample\libs\live555-2013.02.11\liveMedia\include\AVIFileSink.hh(113): warning C4512: 'AVIFileSink' : assignment operator could not be generated
                 C:\Users\linh\Downloads\OdmHostedPlayerSample\libs\live555-2013.02.11\liveMedia\include\AVIFileSink.hh(28) : see declaration of 'AVIFileSink'
     1>c:\users\linh\downloads\odmhostedplayersample\libs\live555-2013.02.11\livemedia\include\MultiFramedRTPSource.hh(79): warning C4512: 'MultiFramedRTPSource' : assignment operator could not be generated
                 c:\users\linh\downloads\odmhostedplayersample\libs\live555-2013.02.11\livemedia\include\MultiFramedRTPSource.hh(32) : see declaration of 'MultiFramedRTPSource'
     1>C:\Users\linh\Downloads\OdmHostedPlayerSample\libs\live555-2013.02.11\liveMedia\include\H264VideoRTPSource.hh(52): warning C4512: 'H264VideoRTPSource' : assignment operator could not be generated
                 C:\Users\linh\Downloads\OdmHostedPlayerSample\libs\live555-2013.02.11\liveMedia\include\H264VideoRTPSource.hh(28) : see declaration of 'H264VideoRTPSource'
     1>C:\Users\linh\Downloads\OdmHostedPlayerSample\odm\odm.player\odm.player.lib\include\odm.player.lib/VirtualSink.hpp(94): warning C4512: 'onvifmp::VirtualSink' : assignment operator could not be generated
                 C:\Users\linh\Downloads\OdmHostedPlayerSample\odm\odm.player\odm.player.lib\include\odm.player.lib/VirtualSink.hpp(7) : see declaration of 'onvifmp::VirtualSink'
     1>C:\Users\linh\Downloads\OdmHostedPlayerSample\odm\odm.player\odm.player.lib\include\odm.player.lib/VirtualSink.hpp(77): warning C4091: 'typedef ' : ignored on left of 'onvifmp::VirtualSink::continuePlaying::proxy' when no variable is declared
     1>C:\Users\linh\Downloads\OdmHostedPlayerSample\odm\odm.player\odm.player.lib\include\odm.player.lib/VirtualSink.hpp(86): warning C4100: 'truncatedBytesCount' : unreferenced formal parameter
     1>.\MetadataCollector.cpp(46): warning C4100: 'duration' : unreferenced formal parameter
     1>.\MetadataCollector.cpp(46): warning C4100: 'presentationTime' : unreferenced formal parameter
         Live555.cpp
     1>c:\users\linh\downloads\odmhostedplayersample\libs\ffmpeg-git-a5c1a0c\include\libavutil\common.h(130): warning C4244: 'return' : conversion from 'int' to 'uint8_t', possible loss of data
     1>c:\users\linh\downloads\odmhostedplayersample\libs\ffmpeg-git-a5c1a0c\include\libavutil\common.h(141): warning C4244: 'return' : conversion from 'int' to 'int8_t', possible loss of data
     1>c:\users\linh\downloads\odmhostedplayersample\libs\ffmpeg-git-a5c1a0c\include\libavutil\common.h(152): warning C4244: 'return' : conversion from 'int' to 'uint16_t', possible loss of data
     1>c:\users\linh\downloads\odmhostedplayersample\libs\ffmpeg-git-a5c1a0c\include\libavutil\common.h(163): warning C4244: 'return' : conversion from 'int' to 'int16_t', possible loss of data
     1>C:\Users\linh\Downloads\OdmHostedPlayerSample\libs\live555-2013.02.11\UsageEnvironment\include\UsageEnvironment.hh(98): warning C4512: 'UsageEnvironment' : assignment operator could not be generated
                 C:\Users\linh\Downloads\OdmHostedPlayerSample\libs\live555-2013.02.11\UsageEnvironment\include\UsageEnvironment.hh(53) : see declaration of 'UsageEnvironment'
     1>c:\users\linh\downloads\odmhostedplayersample\libs\live555-2013.02.11\basicusageenvironment\include\BasicUsageEnvironment0.hh(66): warning C4512: 'BasicUsageEnvironment0' : assignment operator could not be generated
                 c:\users\linh\downloads\odmhostedplayersample\libs\live555-2013.02.11\basicusageenvironment\include\BasicUsageEnvironment0.hh(39) : see declaration of 'BasicUsageEnvironment0'
     1>C:\Users\linh\Downloads\OdmHostedPlayerSample\libs\live555-2013.02.11\BasicUsageEnvironment\include\BasicUsageEnvironment.hh(44): warning C4512: 'BasicUsageEnvironment' : assignment operator could not be generated
                 C:\Users\linh\Downloads\OdmHostedPlayerSample\libs\live555-2013.02.11\BasicUsageEnvironment\include\BasicUsageEnvironment.hh(27) : see declaration of 'BasicUsageEnvironment'
     1>c:\users\linh\downloads\odmhostedplayersample\libs\live555-2013.02.11\livemedia\include\Media.hh(86): warning C4512: 'Medium' : assignment operator could not be generated
                 c:\users\linh\downloads\odmhostedplayersample\libs\live555-2013.02.11\livemedia\include\Media.hh(50) : see declaration of 'Medium'
     1>c:\users\linh\downloads\odmhostedplayersample\libs\live555-2013.02.11\livemedia\include\Media.hh(116): warning C4512: 'MediaLookupTable' : assignment operator could not be generated
                 c:\users\linh\downloads\odmhostedplayersample\libs\live555-2013.02.11\livemedia\include\Media.hh(92) : see declaration of 'MediaLookupTable'
     1>c:\users\linh\downloads\odmhostedplayersample\libs\live555-2013.02.11\livemedia\include\Media.hh(136): warning C4512: '_Tables' : assignment operator could not be generated
                 c:\users\linh\downloads\odmhostedplayersample\libs\live555-2013.02.11\livemedia\include\Media.hh(120) : see declaration of '_Tables'
     1>c:\users\linh\downloads\odmhostedplayersample\libs\live555-2013.02.11\livemedia\include\MediaSource.hh(55): warning C4512: 'MediaSource' : assignment operator could not be generated
                 c:\users\linh\downloads\odmhostedplayersample\libs\live555-2013.02.11\livemedia\include\MediaSource.hh(28) : see declaration of 'MediaSource'
     1>c:\users\linh\downloads\odmhostedplayersample\libs\live555-2013.02.11\livemedia\include\FramedSource.hh(92): warning C4512: 'FramedSource' : assignment operator could not be generated
                 c:\users\linh\downloads\odmhostedplayersample\libs\live555-2013.02.11\livemedia\include\FramedSource.hh(31) : see declaration of 'FramedSource'
     1>C:\Users\linh\Downloads\OdmHostedPlayerSample\libs\live555-2013.02.11\liveMedia\include\MediaSink.hh(67): warning C4512: 'MediaSink' : assignment operator could not be generated
                 C:\Users\linh\Downloads\OdmHostedPlayerSample\libs\live555-2013.02.11\liveMedia\include\MediaSink.hh(28) : see declaration of 'MediaSink'
     1>c:\users\linh\downloads\odmhostedplayersample\libs\live555-2013.02.11\groupsock\include\NetAddress.hh(81): warning C4512: 'NetAddressList::Iterator' : assignment operator could not be generated
                 c:\users\linh\downloads\odmhostedplayersample\libs\live555-2013.02.11\groupsock\include\NetAddress.hh(74) : see declaration of 'NetAddressList::Iterator'
     1>c:\users\linh\downloads\odmhostedplayersample\libs\live555-2013.02.11\groupsock\include\NetInterface.hh(108): warning C4512: 'Socket' : assignment operator could not be generated
                 c:\users\linh\downloads\odmhostedplayersample\libs\live555-2013.02.11\groupsock\include\NetInterface.hh(80) : see declaration of 'Socket'
     1>C:\Users\linh\Downloads\OdmHostedPlayerSample\libs\live555-2013.02.11\groupsock\include\Groupsock.hh(60): warning C4512: 'OutputSocket' : assignment operator could not be generated
                 C:\Users\linh\Downloads\OdmHostedPlayerSample\libs\live555-2013.02.11\groupsock\include\Groupsock.hh(39) : see declaration of 'OutputSocket'
     1>C:\Users\linh\Downloads\OdmHostedPlayerSample\libs\live555-2013.02.11\groupsock\include\Groupsock.hh(156): warning C4512: 'Groupsock' : assignment operator could not be generated
                 C:\Users\linh\Downloads\OdmHostedPlayerSample\libs\live555-2013.02.11\groupsock\include\Groupsock.hh(78) : see declaration of 'Groupsock'
     1>c:\users\linh\downloads\odmhostedplayersample\libs\live555-2013.02.11\livemedia\include\RTPSink.hh(124): warning C4512: 'RTPSink' : assignment operator could not be generated
                 c:\users\linh\downloads\odmhostedplayersample\libs\live555-2013.02.11\livemedia\include\RTPSink.hh(33) : see declaration of 'RTPSink'
     1>c:\users\linh\downloads\odmhostedplayersample\libs\live555-2013.02.11\livemedia\include\RTPSink.hh(168): warning C4512: 'RTPTransmissionStatsDB' : assignment operator could not be generated
                 c:\users\linh\downloads\odmhostedplayersample\libs\live555-2013.02.11\livemedia\include\RTPSink.hh(129) : see declaration of 'RTPTransmissionStatsDB'
     1>c:\users\linh\downloads\odmhostedplayersample\libs\live555-2013.02.11\livemedia\include\RTPSink.hh(223): warning C4512: 'RTPTransmissionStats' : assignment operator could not be generated
                 c:\users\linh\downloads\odmhostedplayersample\libs\live555-2013.02.11\livemedia\include\RTPSink.hh(170) : see declaration of 'RTPTransmissionStats'
     1>c:\users\linh\downloads\odmhostedplayersample\libs\live555-2013.02.11\livemedia\include\RTPSource.hh(110): warning C4512: 'RTPSource' : assignment operator could not be generated
                 c:\users\linh\downloads\odmhostedplayersample\libs\live555-2013.02.11\livemedia\include\RTPSource.hh(33) : see declaration of 'RTPSource'
     1>c:\users\linh\downloads\odmhostedplayersample\libs\live555-2013.02.11\livemedia\include\RTCP.hh(181): warning C4512: 'RTCPInstance' : assignment operator could not be generated
                 c:\users\linh\downloads\odmhostedplayersample\libs\live555-2013.02.11\livemedia\include\RTCP.hh(44) : see declaration of 'RTCPInstance'
     1>c:\users\linh\downloads\odmhostedplayersample\libs\live555-2013.02.11\livemedia\include\FramedFilter.hh(50): warning C4512: 'FramedFilter' : assignment operator could not be generated
                 c:\users\linh\downloads\odmhostedplayersample\libs\live555-2013.02.11\livemedia\include\FramedFilter.hh(28) : see declaration of 'FramedFilter'
     1>C:\Users\linh\Downloads\OdmHostedPlayerSample\libs\live555-2013.02.11\liveMedia\include\MediaSession.hh(137): warning C4512: 'MediaSession' : assignment operator could not be generated
                 C:\Users\linh\Downloads\OdmHostedPlayerSample\libs\live555-2013.02.11\liveMedia\include\MediaSession.hh(58) : see declaration of 'MediaSession'
     1>C:\Users\linh\Downloads\OdmHostedPlayerSample\libs\live555-2013.02.11\liveMedia\include\MediaSession.hh(151): warning C4512: 'MediaSubsessionIterator' : assignment operator could not be generated
                 C:\Users\linh\Downloads\OdmHostedPlayerSample\libs\live555-2013.02.11\liveMedia\include\MediaSession.hh(140) : see declaration of 'MediaSubsessionIterator'
     1>C:\Users\linh\Downloads\OdmHostedPlayerSample\libs\live555-2013.02.11\liveMedia\include\MediaSession.hh(346): warning C4512: 'MediaSubsession' : assignment operator could not be generated
                 C:\Users\linh\Downloads\OdmHostedPlayerSample\libs\live555-2013.02.11\liveMedia\include\MediaSession.hh(154) : see declaration of 'MediaSubsession'
     1>C:\Users\linh\Downloads\OdmHostedPlayerSample\libs\live555-2013.02.11\liveMedia\include\RTSPClient.hh(369): warning C4512: 'RTSPClient' : assignment operator could not be generated
                 C:\Users\linh\Downloads\OdmHostedPlayerSample\libs\live555-2013.02.11\liveMedia\include\RTSPClient.hh(34) : see declaration of 'RTSPClient'
     1>C:\Users\linh\Downloads\OdmHostedPlayerSample\libs\live555-2013.02.11\liveMedia\include\AVIFileSink.hh(113): warning C4512: 'AVIFileSink' : assignment operator could not be generated
                 C:\Users\linh\Downloads\OdmHostedPlayerSample\libs\live555-2013.02.11\liveMedia\include\AVIFileSink.hh(28) : see declaration of 'AVIFileSink'
     1>c:\users\linh\downloads\odmhostedplayersample\libs\live555-2013.02.11\livemedia\include\MultiFramedRTPSource.hh(79): warning C4512: 'MultiFramedRTPSource' : assignment operator could not be generated
                 c:\users\linh\downloads\odmhostedplayersample\libs\live555-2013.02.11\livemedia\include\MultiFramedRTPSource.hh(32) : see declaration of 'MultiFramedRTPSource'
     1>C:\Users\linh\Downloads\OdmHostedPlayerSample\libs\live555-2013.02.11\liveMedia\include\H264VideoRTPSource.hh(52): warning C4512: 'H264VideoRTPSource' : assignment operator could not be generated
                 C:\Users\linh\Downloads\OdmHostedPlayerSample\libs\live555-2013.02.11\liveMedia\include\H264VideoRTPSource.hh(28) : see declaration of 'H264VideoRTPSource'
     1>C:\Users\linh\Downloads\OdmHostedPlayerSample\odm\odm.player\odm.player.lib\include\odm.player.lib/VirtualSink.hpp(94): warning C4512: 'onvifmp::VirtualSink' : assignment operator could not be generated
                 C:\Users\linh\Downloads\OdmHostedPlayerSample\odm\odm.player\odm.player.lib\include\odm.player.lib/VirtualSink.hpp(7) : see declaration of 'onvifmp::VirtualSink'
     1>C:\Users\linh\Downloads\OdmHostedPlayerSample\odm\odm.player\odm.player.lib\include\odm.player.lib/VirtualSink.hpp(77): warning C4091: 'typedef ' : ignored on left of 'onvifmp::VirtualSink::continuePlaying::proxy' when no variable is declared
     1>C:\Users\linh\Downloads\OdmHostedPlayerSample\odm\odm.player\odm.player.lib\include\odm.player.lib/VirtualSink.hpp(86): warning C4100: 'truncatedBytesCount' : unreferenced formal parameter
     1>C:\Users\linh\Downloads\OdmHostedPlayerSample\odm\odm.player\odm.player.lib\include\odm.player.lib/H264VirtualSink.hpp(67): warning C4512: 'onvifmp::H264VirtualSink' : assignment operator could not be generated
                 C:\Users\linh\Downloads\OdmHostedPlayerSample\odm\odm.player\odm.player.lib\include\odm.player.lib/H264VirtualSink.hpp(8) : see declaration of 'onvifmp::H264VirtualSink'
     1>C:\Users\linh\Downloads\OdmHostedPlayerSample\odm\odm.player\odm.player.lib\include\odm.player.lib/H264VirtualSink.hpp(49): warning C4100: 'truncatedBytesCount' : unreferenced formal parameter
     1>C:\Users\linh\Downloads\OdmHostedPlayerSample\odm\odm.player\odm.player.lib\include\odm.player.lib/VideoDecoder.hpp(39): warning C4100: 'sink' : unreferenced formal parameter
     1>C:\Users\linh\Downloads\OdmHostedPlayerSample\odm\odm.player\odm.player.lib\include\odm.player.lib/VideoDecoder.hpp(135): warning C4100: 'duration' : unreferenced formal parameter
     1>C:\Users\linh\Downloads\OdmHostedPlayerSample\odm\odm.player\odm.player.lib\include\odm.player.lib/VideoDecoder.hpp(135): warning C4100: 'presentationTime' : unreferenced formal parameter
     1>C:\Users\linh\Downloads\OdmHostedPlayerSample\odm\odm.player\odm.player.lib\include\odm.player.lib/VideoRenderer.hpp(10): warning C4100: 'decoder' : unreferenced formal parameter
     1>C:\Users\linh\Downloads\OdmHostedPlayerSample\libs\live555-2013.02.11\groupsock\include\GroupsockHelper.hh(112): warning C4512: 'NoReuse' : assignment operator could not be generated
                 C:\Users\linh\Downloads\OdmHostedPlayerSample\libs\live555-2013.02.11\groupsock\include\GroupsockHelper.hh(105) : see declaration of 'NoReuse'
     1>Live555.cpp(85): warning C4100: 'sprops' : unreferenced formal parameter
     1>Live555.cpp(190): warning C4244: 'argument' : conversion from 'unsigned int' to 'portNumBits', possible loss of data
         Generating Code...
       Lib:
         C:\Program Files (x86)\Microsoft Visual Studio 12.0\VC\bin\Lib.exe /OUT:"bin\Win32\Debug\odm-player.lib" /NOLOGO obj\Win32\Debug\Live555.obj
         obj\Win32\Debug\MetadataCollector.obj
         odm.player.lib.vcxproj -> C:\Users\linh\Downloads\OdmHostedPlayerSample\odm\odm.player\odm.player.lib\bin\Win32\Debug\odm-player.lib
     1>Done Building Project "C:\Users\linh\Downloads\OdmHostedPlayerSample\odm\odm.player\odm.player.lib\odm.player.lib.vcxproj" (Rebuild target(s)).

Build succeeded.

Time Elapsed 00:00:04.60
