c:\users\linh\downloads\odmhostedplayersample\libs\live555-2013.02.11\obj\win32\release\adtsaudiofilesource.obj
c:\users\linh\downloads\odmhostedplayersample\libs\live555-2013.02.11\obj\win32\release\adtsaudiofileservermediasubsession.obj
c:\users\linh\downloads\odmhostedplayersample\libs\live555-2013.02.11\obj\win32\release\ac3audiostreamframer.obj
c:\users\linh\downloads\odmhostedplayersample\libs\live555-2013.02.11\obj\win32\release\ac3audiortpsource.obj
c:\users\linh\downloads\odmhostedplayersample\libs\live555-2013.02.11\obj\win32\release\ac3audiortpsink.obj
c:\users\linh\downloads\odmhostedplayersample\libs\live555-2013.02.11\obj\win32\release\ac3audiomatroskafileservermediasubsession.obj
c:\users\linh\downloads\odmhostedplayersample\libs\live555-2013.02.11\obj\win32\release\ac3audiofileservermediasubsession.obj
c:\users\linh\downloads\odmhostedplayersample\libs\live555-2013.02.11\obj\win32\release\aacaudiomatroskafileservermediasubsession.obj
c:\users\linh\downloads\odmhostedplayersample\libs\live555-2013.02.11\obj\win32\release\netinterface.obj
c:\users\linh\downloads\odmhostedplayersample\libs\live555-2013.02.11\obj\win32\release\netaddress.obj
c:\users\linh\downloads\odmhostedplayersample\libs\live555-2013.02.11\obj\win32\release\iohandlers.obj
c:\users\linh\downloads\odmhostedplayersample\libs\live555-2013.02.11\obj\win32\release\groupsockhelper.obj
c:\users\linh\downloads\odmhostedplayersample\libs\live555-2013.02.11\obj\win32\release\groupsock.obj
c:\users\linh\downloads\odmhostedplayersample\libs\live555-2013.02.11\obj\win32\release\groupeid.obj
c:\users\linh\downloads\odmhostedplayersample\libs\live555-2013.02.11\obj\win32\release\delayqueue.obj
c:\users\linh\downloads\odmhostedplayersample\libs\live555-2013.02.11\obj\win32\release\basicusageenvironment0.obj
c:\users\linh\downloads\odmhostedplayersample\libs\live555-2013.02.11\obj\win32\release\basicusageenvironment.obj
c:\users\linh\downloads\odmhostedplayersample\libs\live555-2013.02.11\obj\win32\release\basictaskscheduler0.obj
c:\users\linh\downloads\odmhostedplayersample\libs\live555-2013.02.11\obj\win32\release\basictaskscheduler.obj
c:\users\linh\downloads\odmhostedplayersample\libs\live555-2013.02.11\obj\win32\release\basichashtable.obj
c:\users\linh\downloads\odmhostedplayersample\libs\live555-2013.02.11\obj\win32\release\dvvideofileservermediasubsession.obj
c:\users\linh\downloads\odmhostedplayersample\libs\live555-2013.02.11\obj\win32\release\digestauthentication.obj
c:\users\linh\downloads\odmhostedplayersample\libs\live555-2013.02.11\obj\win32\release\devicesource.obj
c:\users\linh\downloads\odmhostedplayersample\libs\live555-2013.02.11\obj\win32\release\darwininjector.obj
c:\users\linh\downloads\odmhostedplayersample\libs\live555-2013.02.11\obj\win32\release\bytestreammultifilesource.obj
c:\users\linh\downloads\odmhostedplayersample\libs\live555-2013.02.11\obj\win32\release\bytestreammemorybuffersource.obj
c:\users\linh\downloads\odmhostedplayersample\libs\live555-2013.02.11\obj\win32\release\bytestreamfilesource.obj
c:\users\linh\downloads\odmhostedplayersample\libs\live555-2013.02.11\obj\win32\release\bitvector.obj
c:\users\linh\downloads\odmhostedplayersample\libs\live555-2013.02.11\obj\win32\release\basicudpsource.obj
c:\users\linh\downloads\odmhostedplayersample\libs\live555-2013.02.11\obj\win32\release\basicudpsink.obj
c:\users\linh\downloads\odmhostedplayersample\libs\live555-2013.02.11\obj\win32\release\base64.obj
c:\users\linh\downloads\odmhostedplayersample\libs\live555-2013.02.11\obj\win32\release\avifilesink.obj
c:\users\linh\downloads\odmhostedplayersample\libs\live555-2013.02.11\obj\win32\release\audiortpsink.obj
c:\users\linh\downloads\odmhostedplayersample\libs\live555-2013.02.11\obj\win32\release\audioinputdevice.obj
c:\users\linh\downloads\odmhostedplayersample\libs\live555-2013.02.11\obj\win32\release\amraudiosource.obj
c:\users\linh\downloads\odmhostedplayersample\libs\live555-2013.02.11\obj\win32\release\amraudiortpsource.obj
c:\users\linh\downloads\odmhostedplayersample\libs\live555-2013.02.11\obj\win32\release\amraudiortpsink.obj
c:\users\linh\downloads\odmhostedplayersample\libs\live555-2013.02.11\obj\win32\release\amraudiofilesource.obj
c:\users\linh\downloads\odmhostedplayersample\libs\live555-2013.02.11\obj\win32\release\amraudiofilesink.obj
c:\users\linh\downloads\odmhostedplayersample\libs\live555-2013.02.11\obj\win32\release\amraudiofileservermediasubsession.obj
c:\users\linh\downloads\odmhostedplayersample\libs\live555-2013.02.11\obj\win32\release\h264videortpsink.obj
c:\users\linh\downloads\odmhostedplayersample\libs\live555-2013.02.11\obj\win32\release\h264videomatroskafileservermediasubsession.obj
c:\users\linh\downloads\odmhostedplayersample\libs\live555-2013.02.11\obj\win32\release\h264videofilesink.obj
c:\users\linh\downloads\odmhostedplayersample\libs\live555-2013.02.11\obj\win32\release\h264videofileservermediasubsession.obj
c:\users\linh\downloads\odmhostedplayersample\libs\live555-2013.02.11\obj\win32\release\h263plusvideostreamparser.obj
c:\users\linh\downloads\odmhostedplayersample\libs\live555-2013.02.11\obj\win32\release\h263plusvideostreamframer.obj
c:\users\linh\downloads\odmhostedplayersample\libs\live555-2013.02.11\obj\win32\release\h263plusvideortpsource.obj
c:\users\linh\downloads\odmhostedplayersample\libs\live555-2013.02.11\obj\win32\release\h263plusvideortpsink.obj
c:\users\linh\downloads\odmhostedplayersample\libs\live555-2013.02.11\obj\win32\release\h263plusvideofileservermediasubsession.obj
c:\users\linh\downloads\odmhostedplayersample\libs\live555-2013.02.11\obj\win32\release\h261videortpsource.obj
c:\users\linh\downloads\odmhostedplayersample\libs\live555-2013.02.11\obj\win32\release\gsmaudiortpsink.obj
c:\users\linh\downloads\odmhostedplayersample\libs\live555-2013.02.11\obj\win32\release\framedsource.obj
c:\users\linh\downloads\odmhostedplayersample\libs\live555-2013.02.11\obj\win32\release\framedfilter.obj
c:\users\linh\downloads\odmhostedplayersample\libs\live555-2013.02.11\obj\win32\release\framedfilesource.obj
c:\users\linh\downloads\odmhostedplayersample\libs\live555-2013.02.11\obj\win32\release\filesink.obj
c:\users\linh\downloads\odmhostedplayersample\libs\live555-2013.02.11\obj\win32\release\fileservermediasubsession.obj
c:\users\linh\downloads\odmhostedplayersample\libs\live555-2013.02.11\obj\win32\release\ebmlnumber.obj
c:\users\linh\downloads\odmhostedplayersample\libs\live555-2013.02.11\obj\win32\release\dvvideostreamframer.obj
c:\users\linh\downloads\odmhostedplayersample\libs\live555-2013.02.11\obj\win32\release\dvvideortpsource.obj
c:\users\linh\downloads\odmhostedplayersample\libs\live555-2013.02.11\obj\win32\release\dvvideortpsink.obj
c:\users\linh\downloads\odmhostedplayersample\libs\live555-2013.02.11\obj\win32\release\mp3adurtpsink.obj
c:\users\linh\downloads\odmhostedplayersample\libs\live555-2013.02.11\obj\win32\release\mp3aduinterleaving.obj
c:\users\linh\downloads\odmhostedplayersample\libs\live555-2013.02.11\obj\win32\release\mp3adudescriptor.obj
c:\users\linh\downloads\odmhostedplayersample\libs\live555-2013.02.11\obj\win32\release\mp3adu.obj
c:\users\linh\downloads\odmhostedplayersample\libs\live555-2013.02.11\obj\win32\release\mediasource.obj
c:\users\linh\downloads\odmhostedplayersample\libs\live555-2013.02.11\obj\win32\release\mediasink.obj
c:\users\linh\downloads\odmhostedplayersample\libs\live555-2013.02.11\obj\win32\release\mediasession.obj
c:\users\linh\downloads\odmhostedplayersample\libs\live555-2013.02.11\obj\win32\release\media.obj
c:\users\linh\downloads\odmhostedplayersample\libs\live555-2013.02.11\obj\win32\release\matroskafileserverdemux.obj
c:\users\linh\downloads\odmhostedplayersample\libs\live555-2013.02.11\obj\win32\release\matroskafileparser.obj
c:\users\linh\downloads\odmhostedplayersample\libs\live555-2013.02.11\obj\win32\release\matroskafile.obj
c:\users\linh\downloads\odmhostedplayersample\libs\live555-2013.02.11\obj\win32\release\matroskademuxedtrack.obj
c:\users\linh\downloads\odmhostedplayersample\libs\live555-2013.02.11\obj\win32\release\locale.obj
c:\users\linh\downloads\odmhostedplayersample\libs\live555-2013.02.11\obj\win32\release\jpegvideosource.obj
c:\users\linh\downloads\odmhostedplayersample\libs\live555-2013.02.11\obj\win32\release\jpegvideortpsource.obj
c:\users\linh\downloads\odmhostedplayersample\libs\live555-2013.02.11\obj\win32\release\jpegvideortpsink.obj
c:\users\linh\downloads\odmhostedplayersample\libs\live555-2013.02.11\obj\win32\release\inputfile.obj
c:\users\linh\downloads\odmhostedplayersample\libs\live555-2013.02.11\obj\win32\release\h264videostreamframer.obj
c:\users\linh\downloads\odmhostedplayersample\libs\live555-2013.02.11\obj\win32\release\h264videostreamdiscreteframer.obj
c:\users\linh\downloads\odmhostedplayersample\libs\live555-2013.02.11\obj\win32\release\h264videortpsource.obj
c:\users\linh\downloads\odmhostedplayersample\libs\live555-2013.02.11\obj\win32\release\mpeg1or2videortpsource.obj
c:\users\linh\downloads\odmhostedplayersample\libs\live555-2013.02.11\obj\win32\release\mpeg1or2videortpsink.obj
c:\users\linh\downloads\odmhostedplayersample\libs\live555-2013.02.11\obj\win32\release\mpeg1or2videofileservermediasubsession.obj
c:\users\linh\downloads\odmhostedplayersample\libs\live555-2013.02.11\obj\win32\release\mpeg1or2fileserverdemux.obj
c:\users\linh\downloads\odmhostedplayersample\libs\live555-2013.02.11\obj\win32\release\mpeg1or2demuxedservermediasubsession.obj
c:\users\linh\downloads\odmhostedplayersample\libs\live555-2013.02.11\obj\win32\release\mpeg1or2demuxedelementarystream.obj
c:\users\linh\downloads\odmhostedplayersample\libs\live555-2013.02.11\obj\win32\release\mpeg1or2demux.obj
c:\users\linh\downloads\odmhostedplayersample\libs\live555-2013.02.11\obj\win32\release\mpeg1or2audiostreamframer.obj
c:\users\linh\downloads\odmhostedplayersample\libs\live555-2013.02.11\obj\win32\release\mpeg1or2audiortpsource.obj
c:\users\linh\downloads\odmhostedplayersample\libs\live555-2013.02.11\obj\win32\release\mpeg1or2audiortpsink.obj
c:\users\linh\downloads\odmhostedplayersample\libs\live555-2013.02.11\obj\win32\release\mp3transcoder.obj
c:\users\linh\downloads\odmhostedplayersample\libs\live555-2013.02.11\obj\win32\release\mp3streamstate.obj
c:\users\linh\downloads\odmhostedplayersample\libs\live555-2013.02.11\obj\win32\release\mp3internalshuffmantable.obj
c:\users\linh\downloads\odmhostedplayersample\libs\live555-2013.02.11\obj\win32\release\mp3internalshuffman.obj
c:\users\linh\downloads\odmhostedplayersample\libs\live555-2013.02.11\obj\win32\release\mp3internals.obj
c:\users\linh\downloads\odmhostedplayersample\libs\live555-2013.02.11\obj\win32\release\mp3filesource.obj
c:\users\linh\downloads\odmhostedplayersample\libs\live555-2013.02.11\obj\win32\release\mp3audiomatroskafileservermediasubsession.obj
c:\users\linh\downloads\odmhostedplayersample\libs\live555-2013.02.11\obj\win32\release\mp3audiofileservermediasubsession.obj
c:\users\linh\downloads\odmhostedplayersample\libs\live555-2013.02.11\obj\win32\release\mp3adutranscoder.obj
c:\users\linh\downloads\odmhostedplayersample\libs\live555-2013.02.11\obj\win32\release\mp3adurtpsource.obj
c:\users\linh\downloads\odmhostedplayersample\libs\live555-2013.02.11\obj\win32\release\mpeg4videostreamframer.obj
c:\users\linh\downloads\odmhostedplayersample\libs\live555-2013.02.11\obj\win32\release\mpeg4videostreamdiscreteframer.obj
c:\users\linh\downloads\odmhostedplayersample\libs\live555-2013.02.11\obj\win32\release\mpeg4videofileservermediasubsession.obj
c:\users\linh\downloads\odmhostedplayersample\libs\live555-2013.02.11\obj\win32\release\mpeg4latmaudiortpsource.obj
c:\users\linh\downloads\odmhostedplayersample\libs\live555-2013.02.11\obj\win32\release\mpeg4latmaudiortpsink.obj
c:\users\linh\downloads\odmhostedplayersample\libs\live555-2013.02.11\obj\win32\release\mpeg4genericrtpsource.obj
c:\users\linh\downloads\odmhostedplayersample\libs\live555-2013.02.11\obj\win32\release\mpeg4genericrtpsink.obj
c:\users\linh\downloads\odmhostedplayersample\libs\live555-2013.02.11\obj\win32\release\mpeg4esvideortpsource.obj
c:\users\linh\downloads\odmhostedplayersample\libs\live555-2013.02.11\obj\win32\release\mpeg4esvideortpsink.obj
c:\users\linh\downloads\odmhostedplayersample\libs\live555-2013.02.11\obj\win32\release\mpeg2transportudpservermediasubsession.obj
c:\users\linh\downloads\odmhostedplayersample\libs\live555-2013.02.11\obj\win32\release\mpeg2transportstreamtrickmodefilter.obj
c:\users\linh\downloads\odmhostedplayersample\libs\live555-2013.02.11\obj\win32\release\mpeg2transportstreammultiplexor.obj
c:\users\linh\downloads\odmhostedplayersample\libs\live555-2013.02.11\obj\win32\release\mpeg2transportstreamindexfile.obj
c:\users\linh\downloads\odmhostedplayersample\libs\live555-2013.02.11\obj\win32\release\mpeg2transportstreamfrompessource.obj
c:\users\linh\downloads\odmhostedplayersample\libs\live555-2013.02.11\obj\win32\release\mpeg2transportstreamfromessource.obj
c:\users\linh\downloads\odmhostedplayersample\libs\live555-2013.02.11\obj\win32\release\mpeg2transportstreamframer.obj
c:\users\linh\downloads\odmhostedplayersample\libs\live555-2013.02.11\obj\win32\release\mpeg2transportfileservermediasubsession.obj
c:\users\linh\downloads\odmhostedplayersample\libs\live555-2013.02.11\obj\win32\release\mpeg2indexfromtransportstream.obj
c:\users\linh\downloads\odmhostedplayersample\libs\live555-2013.02.11\obj\win32\release\mpeg1or2videostreamframer.obj
c:\users\linh\downloads\odmhostedplayersample\libs\live555-2013.02.11\obj\win32\release\mpeg1or2videostreamdiscreteframer.obj
c:\users\linh\downloads\odmhostedplayersample\libs\live555-2013.02.11\obj\win32\release\servermediasession.obj
c:\users\linh\downloads\odmhostedplayersample\libs\live555-2013.02.11\obj\win32\release\rtspserversupportinghttpstreaming.obj
c:\users\linh\downloads\odmhostedplayersample\libs\live555-2013.02.11\obj\win32\release\rtspserver.obj
c:\users\linh\downloads\odmhostedplayersample\libs\live555-2013.02.11\obj\win32\release\rtspcommon.obj
c:\users\linh\downloads\odmhostedplayersample\libs\live555-2013.02.11\obj\win32\release\rtspclient.obj
c:\users\linh\downloads\odmhostedplayersample\libs\live555-2013.02.11\obj\win32\release\rtpsource.obj
c:\users\linh\downloads\odmhostedplayersample\libs\live555-2013.02.11\obj\win32\release\rtpsink.obj
c:\users\linh\downloads\odmhostedplayersample\libs\live555-2013.02.11\obj\win32\release\rtpinterface.obj
c:\users\linh\downloads\odmhostedplayersample\libs\live555-2013.02.11\obj\win32\release\rtcp.obj
c:\users\linh\downloads\odmhostedplayersample\libs\live555-2013.02.11\obj\win32\release\quicktimegenericrtpsource.obj
c:\users\linh\downloads\odmhostedplayersample\libs\live555-2013.02.11\obj\win32\release\quicktimefilesink.obj
c:\users\linh\downloads\odmhostedplayersample\libs\live555-2013.02.11\obj\win32\release\qcelpaudiortpsource.obj
c:\users\linh\downloads\odmhostedplayersample\libs\live555-2013.02.11\obj\win32\release\proxyservermediasession.obj
c:\users\linh\downloads\odmhostedplayersample\libs\live555-2013.02.11\obj\win32\release\passiveservermediasubsession.obj
c:\users\linh\downloads\odmhostedplayersample\libs\live555-2013.02.11\obj\win32\release\outputfile.obj
c:\users\linh\downloads\odmhostedplayersample\libs\live555-2013.02.11\obj\win32\release\ondemandservermediasubsession.obj
c:\users\linh\downloads\odmhostedplayersample\libs\live555-2013.02.11\obj\win32\release\multiframedrtpsource.obj
c:\users\linh\downloads\odmhostedplayersample\libs\live555-2013.02.11\obj\win32\release\multiframedrtpsink.obj
c:\users\linh\downloads\odmhostedplayersample\libs\live555-2013.02.11\obj\win32\release\mpegvideostreamparser.obj
c:\users\linh\downloads\odmhostedplayersample\libs\live555-2013.02.11\obj\win32\release\mpegvideostreamframer.obj
c:\users\linh\downloads\odmhostedplayersample\libs\live555-2013.02.11\obj\win32\release\hashtable.obj
c:\users\linh\downloads\odmhostedplayersample\libs\live555-2013.02.11\obj\win32\release\wavaudiofilesource.obj
c:\users\linh\downloads\odmhostedplayersample\libs\live555-2013.02.11\obj\win32\release\wavaudiofileservermediasubsession.obj
c:\users\linh\downloads\odmhostedplayersample\libs\live555-2013.02.11\obj\win32\release\vp8videortpsource.obj
c:\users\linh\downloads\odmhostedplayersample\libs\live555-2013.02.11\obj\win32\release\vp8videortpsink.obj
c:\users\linh\downloads\odmhostedplayersample\libs\live555-2013.02.11\obj\win32\release\vp8videomatroskafileservermediasubsession.obj
c:\users\linh\downloads\odmhostedplayersample\libs\live555-2013.02.11\obj\win32\release\vorbisaudiortpsource.obj
c:\users\linh\downloads\odmhostedplayersample\libs\live555-2013.02.11\obj\win32\release\vorbisaudiortpsink.obj
c:\users\linh\downloads\odmhostedplayersample\libs\live555-2013.02.11\obj\win32\release\vorbisaudiomatroskafileservermediasubsession.obj
c:\users\linh\downloads\odmhostedplayersample\libs\live555-2013.02.11\obj\win32\release\videortpsink.obj
c:\users\linh\downloads\odmhostedplayersample\libs\live555-2013.02.11\obj\win32\release\ulawaudiofilter.obj
c:\users\linh\downloads\odmhostedplayersample\libs\live555-2013.02.11\obj\win32\release\textrtpsink.obj
c:\users\linh\downloads\odmhostedplayersample\libs\live555-2013.02.11\obj\win32\release\tcpstreamsink.obj
c:\users\linh\downloads\odmhostedplayersample\libs\live555-2013.02.11\obj\win32\release\t140textrtpsink.obj
c:\users\linh\downloads\odmhostedplayersample\libs\live555-2013.02.11\obj\win32\release\t140textmatroskafileservermediasubsession.obj
c:\users\linh\downloads\odmhostedplayersample\libs\live555-2013.02.11\obj\win32\release\streamreplicator.obj
c:\users\linh\downloads\odmhostedplayersample\libs\live555-2013.02.11\obj\win32\release\streamparser.obj
c:\users\linh\downloads\odmhostedplayersample\libs\live555-2013.02.11\obj\win32\release\sipclient.obj
c:\users\linh\downloads\odmhostedplayersample\libs\live555-2013.02.11\obj\win32\release\simplertpsource.obj
c:\users\linh\downloads\odmhostedplayersample\libs\live555-2013.02.11\obj\win32\release\simplertpsink.obj
c:\users\linh\downloads\odmhostedplayersample\libs\live555-2013.02.11\obj\win32\release\usageenvironment.obj
c:\users\linh\downloads\odmhostedplayersample\libs\live555-2013.02.11\obj\win32\release\strdup.obj
c:\users\linh\downloads\odmhostedplayersample\libs\live555-2013.02.11\obj\win32\release\rtcp_from_spec.obj
c:\users\linh\downloads\odmhostedplayersample\libs\live555-2013.02.11\obj\win32\release\our_md5hl.obj
c:\users\linh\downloads\odmhostedplayersample\libs\live555-2013.02.11\obj\win32\release\our_md5.obj
c:\users\linh\downloads\odmhostedplayersample\libs\live555-2013.02.11\obj\win32\release\inet.obj
c:\users\linh\downloads\odmhostedplayersample\libs\live555-2013.02.11\bin\win32\release\live555.exe
c:\users\linh\downloads\odmhostedplayersample\libs\live555-2013.02.11\obj\win32\release\live555.tlog\cl.command.1.tlog
c:\users\linh\downloads\odmhostedplayersample\libs\live555-2013.02.11\obj\win32\release\live555.tlog\cl.read.1.tlog
c:\users\linh\downloads\odmhostedplayersample\libs\live555-2013.02.11\obj\win32\release\live555.tlog\cl.write.1.tlog
c:\users\linh\downloads\odmhostedplayersample\libs\live555-2013.02.11\obj\win32\release\live555.tlog\lib-link.read.1.tlog
c:\users\linh\downloads\odmhostedplayersample\libs\live555-2013.02.11\obj\win32\release\live555.tlog\lib-link.write.1.tlog
c:\users\linh\downloads\odmhostedplayersample\libs\live555-2013.02.11\obj\win32\release\live555.tlog\lib.command.1.tlog
