c:\users\linh\downloads\odmhostedplayersample\odm\odm.player\odm.player.net\obj\win32\release\libapi.obj
c:\users\linh\downloads\odmhostedplayersample\odm\odm.player\odm.player.net\obj\win32\release\.netframework,version=v4.0.assemblyattributes.obj
c:\users\linh\downloads\odmhostedplayersample\odm\odm.player\odm.player.net\bin\win32\release\odm.player.net.dll
c:\users\linh\downloads\odmhostedplayersample\odm\odm.player\odm.player.net\bin\win32\release\odm.player.net.map
c:\users\linh\downloads\odmhostedplayersample\odm\odm.player\odm.player.net\obj\win32\release\odm.player.net.tlog\metagen.write.1.tlog
c:\users\linh\downloads\odmhostedplayersample\odm\odm.player\odm.player.net\bin\win32\release\odm.player.media.dll
c:\users\linh\downloads\odmhostedplayersample\odm\odm.player\odm.player.net\bin\win32\release\utils.common.dll
c:\users\linh\downloads\odmhostedplayersample\odm\odm.player\odm.player.net\bin\win32\release\utils.diagnostics.dll
c:\users\linh\downloads\odmhostedplayersample\odm\odm.player\odm.player.net\bin\win32\release\system.reactive.interfaces.dll
c:\users\linh\downloads\odmhostedplayersample\odm\odm.player\odm.player.net\bin\win32\release\system.reactive.core.dll
c:\users\linh\downloads\odmhostedplayersample\odm\odm.player\odm.player.net\bin\win32\release\utils.linq.dll
c:\users\linh\downloads\odmhostedplayersample\odm\odm.player\odm.player.net\bin\win32\release\system.reactive.linq.dll
c:\users\linh\downloads\odmhostedplayersample\odm\odm.player\odm.player.net\bin\win32\release\utils.common.pdb
c:\users\linh\downloads\odmhostedplayersample\odm\odm.player\odm.player.net\bin\win32\release\utils.diagnostics.pdb
c:\users\linh\downloads\odmhostedplayersample\odm\odm.player\odm.player.net\bin\win32\release\odm.player.media.pdb
c:\users\linh\downloads\odmhostedplayersample\odm\odm.player\odm.player.net\bin\win32\release\system.reactive.interfaces.xml
c:\users\linh\downloads\odmhostedplayersample\odm\odm.player\odm.player.net\bin\win32\release\system.reactive.core.xml
c:\users\linh\downloads\odmhostedplayersample\odm\odm.player\odm.player.net\bin\win32\release\utils.linq.pdb
c:\users\linh\downloads\odmhostedplayersample\odm\odm.player\odm.player.net\bin\win32\release\system.reactive.linq.xml
c:\users\linh\downloads\odmhostedplayersample\odm\odm.player\odm.player.net\obj\win32\release\odm.player.net.res
c:\users\linh\downloads\odmhostedplayersample\odm\odm.player\odm.player.net\obj\win32\release\odm.player.net.vcxprojresolveassemblyreference.cache
c:\users\linh\downloads\odmhostedplayersample\odm\odm.player\odm.player.net\obj\win32\release\odm.player.net.tlog\cl.command.1.tlog
c:\users\linh\downloads\odmhostedplayersample\odm\odm.player\odm.player.net\obj\win32\release\odm.player.net.tlog\cl.read.1.tlog
c:\users\linh\downloads\odmhostedplayersample\odm\odm.player\odm.player.net\obj\win32\release\odm.player.net.tlog\cl.write.1.tlog
c:\users\linh\downloads\odmhostedplayersample\odm\odm.player\odm.player.net\obj\win32\release\odm.player.net.tlog\link.command.1.tlog
c:\users\linh\downloads\odmhostedplayersample\odm\odm.player\odm.player.net\obj\win32\release\odm.player.net.tlog\link.read.1.tlog
c:\users\linh\downloads\odmhostedplayersample\odm\odm.player\odm.player.net\obj\win32\release\odm.player.net.tlog\link.write.1.tlog
c:\users\linh\downloads\odmhostedplayersample\odm\odm.player\odm.player.net\obj\win32\release\odm.player.net.tlog\metagen.read.1.tlog
c:\users\linh\downloads\odmhostedplayersample\odm\odm.player\odm.player.net\obj\win32\release\odm.player.net.tlog\odm.player.net.write.1u.tlog
c:\users\linh\downloads\odmhostedplayersample\odm\odm.player\odm.player.net\obj\win32\release\odm.player.net.tlog\rc.command.1.tlog
c:\users\linh\downloads\odmhostedplayersample\odm\odm.player\odm.player.net\obj\win32\release\odm.player.net.tlog\rc.read.1.tlog
c:\users\linh\downloads\odmhostedplayersample\odm\odm.player\odm.player.net\obj\win32\release\odm.player.net.tlog\rc.write.1.tlog
c:\users\linh\downloads\odmhostedplayersample\odm\odm.player\odm.player.net\obj\win32\release\odm.player.net.tlog\utils.diagnostics.dll.metagen
c:\users\linh\downloads\odmhostedplayersample\odm\odm.player\odm.player.net\obj\win32\release\odm.player.net.tlog\tzres.dll.bi
