c:\users\linh\downloads\odmhostedplayersample\libs\live555-2013.02.11\obj\win32\debug\vc120.pdb
c:\users\linh\downloads\odmhostedplayersample\libs\live555-2013.02.11\obj\win32\debug\vc120.idb
c:\users\linh\downloads\odmhostedplayersample\libs\live555-2013.02.11\obj\win32\debug\sipclient.obj
c:\users\linh\downloads\odmhostedplayersample\libs\live555-2013.02.11\obj\win32\debug\streamparser.obj
c:\users\linh\downloads\odmhostedplayersample\libs\live555-2013.02.11\obj\win32\debug\streamreplicator.obj
c:\users\linh\downloads\odmhostedplayersample\libs\live555-2013.02.11\obj\win32\debug\t140textmatroskafileservermediasubsession.obj
c:\users\linh\downloads\odmhostedplayersample\libs\live555-2013.02.11\obj\win32\debug\t140textrtpsink.obj
c:\users\linh\downloads\odmhostedplayersample\libs\live555-2013.02.11\obj\win32\debug\tcpstreamsink.obj
c:\users\linh\downloads\odmhostedplayersample\libs\live555-2013.02.11\obj\win32\debug\textrtpsink.obj
c:\users\linh\downloads\odmhostedplayersample\libs\live555-2013.02.11\obj\win32\debug\ulawaudiofilter.obj
c:\users\linh\downloads\odmhostedplayersample\libs\live555-2013.02.11\obj\win32\debug\videortpsink.obj
c:\users\linh\downloads\odmhostedplayersample\libs\live555-2013.02.11\obj\win32\debug\vorbisaudiomatroskafileservermediasubsession.obj
c:\users\linh\downloads\odmhostedplayersample\libs\live555-2013.02.11\obj\win32\debug\vorbisaudiortpsink.obj
c:\users\linh\downloads\odmhostedplayersample\libs\live555-2013.02.11\obj\win32\debug\vorbisaudiortpsource.obj
c:\users\linh\downloads\odmhostedplayersample\libs\live555-2013.02.11\obj\win32\debug\vp8videomatroskafileservermediasubsession.obj
c:\users\linh\downloads\odmhostedplayersample\libs\live555-2013.02.11\obj\win32\debug\vp8videortpsink.obj
c:\users\linh\downloads\odmhostedplayersample\libs\live555-2013.02.11\obj\win32\debug\vp8videortpsource.obj
c:\users\linh\downloads\odmhostedplayersample\libs\live555-2013.02.11\obj\win32\debug\wavaudiofileservermediasubsession.obj
c:\users\linh\downloads\odmhostedplayersample\libs\live555-2013.02.11\obj\win32\debug\wavaudiofilesource.obj
c:\users\linh\downloads\odmhostedplayersample\libs\live555-2013.02.11\obj\win32\debug\hashtable.obj
c:\users\linh\downloads\odmhostedplayersample\libs\live555-2013.02.11\obj\win32\debug\strdup.obj
c:\users\linh\downloads\odmhostedplayersample\libs\live555-2013.02.11\obj\win32\debug\usageenvironment.obj
c:\users\linh\downloads\odmhostedplayersample\libs\live555-2013.02.11\obj\win32\debug\multiframedrtpsink.obj
c:\users\linh\downloads\odmhostedplayersample\libs\live555-2013.02.11\obj\win32\debug\multiframedrtpsource.obj
c:\users\linh\downloads\odmhostedplayersample\libs\live555-2013.02.11\obj\win32\debug\ondemandservermediasubsession.obj
c:\users\linh\downloads\odmhostedplayersample\libs\live555-2013.02.11\obj\win32\debug\outputfile.obj
c:\users\linh\downloads\odmhostedplayersample\libs\live555-2013.02.11\obj\win32\debug\passiveservermediasubsession.obj
c:\users\linh\downloads\odmhostedplayersample\libs\live555-2013.02.11\obj\win32\debug\proxyservermediasession.obj
c:\users\linh\downloads\odmhostedplayersample\libs\live555-2013.02.11\obj\win32\debug\qcelpaudiortpsource.obj
c:\users\linh\downloads\odmhostedplayersample\libs\live555-2013.02.11\obj\win32\debug\quicktimefilesink.obj
c:\users\linh\downloads\odmhostedplayersample\libs\live555-2013.02.11\obj\win32\debug\quicktimegenericrtpsource.obj
c:\users\linh\downloads\odmhostedplayersample\libs\live555-2013.02.11\obj\win32\debug\rtcp.obj
c:\users\linh\downloads\odmhostedplayersample\libs\live555-2013.02.11\obj\win32\debug\rtpinterface.obj
c:\users\linh\downloads\odmhostedplayersample\libs\live555-2013.02.11\obj\win32\debug\rtpsink.obj
c:\users\linh\downloads\odmhostedplayersample\libs\live555-2013.02.11\obj\win32\debug\rtpsource.obj
c:\users\linh\downloads\odmhostedplayersample\libs\live555-2013.02.11\obj\win32\debug\rtspclient.obj
c:\users\linh\downloads\odmhostedplayersample\libs\live555-2013.02.11\obj\win32\debug\rtspcommon.obj
c:\users\linh\downloads\odmhostedplayersample\libs\live555-2013.02.11\obj\win32\debug\rtspserver.obj
c:\users\linh\downloads\odmhostedplayersample\libs\live555-2013.02.11\obj\win32\debug\rtspserversupportinghttpstreaming.obj
c:\users\linh\downloads\odmhostedplayersample\libs\live555-2013.02.11\obj\win32\debug\servermediasession.obj
c:\users\linh\downloads\odmhostedplayersample\libs\live555-2013.02.11\obj\win32\debug\simplertpsink.obj
c:\users\linh\downloads\odmhostedplayersample\libs\live555-2013.02.11\obj\win32\debug\simplertpsource.obj
c:\users\linh\downloads\odmhostedplayersample\libs\live555-2013.02.11\obj\win32\debug\mpeg2indexfromtransportstream.obj
c:\users\linh\downloads\odmhostedplayersample\libs\live555-2013.02.11\obj\win32\debug\mpeg2transportfileservermediasubsession.obj
c:\users\linh\downloads\odmhostedplayersample\libs\live555-2013.02.11\obj\win32\debug\mpeg2transportstreamframer.obj
c:\users\linh\downloads\odmhostedplayersample\libs\live555-2013.02.11\obj\win32\debug\mpeg2transportstreamfromessource.obj
c:\users\linh\downloads\odmhostedplayersample\libs\live555-2013.02.11\obj\win32\debug\mpeg2transportstreamfrompessource.obj
c:\users\linh\downloads\odmhostedplayersample\libs\live555-2013.02.11\obj\win32\debug\mpeg2transportstreamindexfile.obj
c:\users\linh\downloads\odmhostedplayersample\libs\live555-2013.02.11\obj\win32\debug\mpeg2transportstreammultiplexor.obj
c:\users\linh\downloads\odmhostedplayersample\libs\live555-2013.02.11\obj\win32\debug\mpeg2transportstreamtrickmodefilter.obj
c:\users\linh\downloads\odmhostedplayersample\libs\live555-2013.02.11\obj\win32\debug\mpeg2transportudpservermediasubsession.obj
c:\users\linh\downloads\odmhostedplayersample\libs\live555-2013.02.11\obj\win32\debug\mpeg4esvideortpsink.obj
c:\users\linh\downloads\odmhostedplayersample\libs\live555-2013.02.11\obj\win32\debug\mpeg4esvideortpsource.obj
c:\users\linh\downloads\odmhostedplayersample\libs\live555-2013.02.11\obj\win32\debug\mpeg4genericrtpsink.obj
c:\users\linh\downloads\odmhostedplayersample\libs\live555-2013.02.11\obj\win32\debug\mpeg4genericrtpsource.obj
c:\users\linh\downloads\odmhostedplayersample\libs\live555-2013.02.11\obj\win32\debug\mpeg4latmaudiortpsink.obj
c:\users\linh\downloads\odmhostedplayersample\libs\live555-2013.02.11\obj\win32\debug\mpeg4latmaudiortpsource.obj
c:\users\linh\downloads\odmhostedplayersample\libs\live555-2013.02.11\obj\win32\debug\mpeg4videofileservermediasubsession.obj
c:\users\linh\downloads\odmhostedplayersample\libs\live555-2013.02.11\obj\win32\debug\mpeg4videostreamdiscreteframer.obj
c:\users\linh\downloads\odmhostedplayersample\libs\live555-2013.02.11\obj\win32\debug\mpeg4videostreamframer.obj
c:\users\linh\downloads\odmhostedplayersample\libs\live555-2013.02.11\obj\win32\debug\mpegvideostreamframer.obj
c:\users\linh\downloads\odmhostedplayersample\libs\live555-2013.02.11\obj\win32\debug\mpegvideostreamparser.obj
c:\users\linh\downloads\odmhostedplayersample\libs\live555-2013.02.11\obj\win32\debug\mp3audiofileservermediasubsession.obj
c:\users\linh\downloads\odmhostedplayersample\libs\live555-2013.02.11\obj\win32\debug\mp3audiomatroskafileservermediasubsession.obj
c:\users\linh\downloads\odmhostedplayersample\libs\live555-2013.02.11\obj\win32\debug\mp3filesource.obj
c:\users\linh\downloads\odmhostedplayersample\libs\live555-2013.02.11\obj\win32\debug\mp3internals.obj
c:\users\linh\downloads\odmhostedplayersample\libs\live555-2013.02.11\obj\win32\debug\mp3internalshuffman.obj
c:\users\linh\downloads\odmhostedplayersample\libs\live555-2013.02.11\obj\win32\debug\mp3internalshuffmantable.obj
c:\users\linh\downloads\odmhostedplayersample\libs\live555-2013.02.11\obj\win32\debug\mp3streamstate.obj
c:\users\linh\downloads\odmhostedplayersample\libs\live555-2013.02.11\obj\win32\debug\mp3transcoder.obj
c:\users\linh\downloads\odmhostedplayersample\libs\live555-2013.02.11\obj\win32\debug\mpeg1or2audiortpsink.obj
c:\users\linh\downloads\odmhostedplayersample\libs\live555-2013.02.11\obj\win32\debug\mpeg1or2audiortpsource.obj
c:\users\linh\downloads\odmhostedplayersample\libs\live555-2013.02.11\obj\win32\debug\mpeg1or2audiostreamframer.obj
c:\users\linh\downloads\odmhostedplayersample\libs\live555-2013.02.11\obj\win32\debug\mpeg1or2demux.obj
c:\users\linh\downloads\odmhostedplayersample\libs\live555-2013.02.11\obj\win32\debug\mpeg1or2demuxedelementarystream.obj
c:\users\linh\downloads\odmhostedplayersample\libs\live555-2013.02.11\obj\win32\debug\mpeg1or2demuxedservermediasubsession.obj
c:\users\linh\downloads\odmhostedplayersample\libs\live555-2013.02.11\obj\win32\debug\mpeg1or2fileserverdemux.obj
c:\users\linh\downloads\odmhostedplayersample\libs\live555-2013.02.11\obj\win32\debug\mpeg1or2videofileservermediasubsession.obj
c:\users\linh\downloads\odmhostedplayersample\libs\live555-2013.02.11\obj\win32\debug\mpeg1or2videortpsink.obj
c:\users\linh\downloads\odmhostedplayersample\libs\live555-2013.02.11\obj\win32\debug\mpeg1or2videortpsource.obj
c:\users\linh\downloads\odmhostedplayersample\libs\live555-2013.02.11\obj\win32\debug\mpeg1or2videostreamdiscreteframer.obj
c:\users\linh\downloads\odmhostedplayersample\libs\live555-2013.02.11\obj\win32\debug\mpeg1or2videostreamframer.obj
c:\users\linh\downloads\odmhostedplayersample\libs\live555-2013.02.11\obj\win32\debug\h264videostreamframer.obj
c:\users\linh\downloads\odmhostedplayersample\libs\live555-2013.02.11\obj\win32\debug\inputfile.obj
c:\users\linh\downloads\odmhostedplayersample\libs\live555-2013.02.11\obj\win32\debug\jpegvideortpsink.obj
c:\users\linh\downloads\odmhostedplayersample\libs\live555-2013.02.11\obj\win32\debug\jpegvideortpsource.obj
c:\users\linh\downloads\odmhostedplayersample\libs\live555-2013.02.11\obj\win32\debug\jpegvideosource.obj
c:\users\linh\downloads\odmhostedplayersample\libs\live555-2013.02.11\obj\win32\debug\locale.obj
c:\users\linh\downloads\odmhostedplayersample\libs\live555-2013.02.11\obj\win32\debug\matroskademuxedtrack.obj
c:\users\linh\downloads\odmhostedplayersample\libs\live555-2013.02.11\obj\win32\debug\matroskafile.obj
c:\users\linh\downloads\odmhostedplayersample\libs\live555-2013.02.11\obj\win32\debug\matroskafileparser.obj
c:\users\linh\downloads\odmhostedplayersample\libs\live555-2013.02.11\obj\win32\debug\matroskafileserverdemux.obj
c:\users\linh\downloads\odmhostedplayersample\libs\live555-2013.02.11\obj\win32\debug\media.obj
c:\users\linh\downloads\odmhostedplayersample\libs\live555-2013.02.11\obj\win32\debug\mediasession.obj
c:\users\linh\downloads\odmhostedplayersample\libs\live555-2013.02.11\obj\win32\debug\mediasink.obj
c:\users\linh\downloads\odmhostedplayersample\libs\live555-2013.02.11\obj\win32\debug\mediasource.obj
c:\users\linh\downloads\odmhostedplayersample\libs\live555-2013.02.11\obj\win32\debug\mp3adu.obj
c:\users\linh\downloads\odmhostedplayersample\libs\live555-2013.02.11\obj\win32\debug\mp3adudescriptor.obj
c:\users\linh\downloads\odmhostedplayersample\libs\live555-2013.02.11\obj\win32\debug\mp3aduinterleaving.obj
c:\users\linh\downloads\odmhostedplayersample\libs\live555-2013.02.11\obj\win32\debug\mp3adurtpsink.obj
c:\users\linh\downloads\odmhostedplayersample\libs\live555-2013.02.11\obj\win32\debug\mp3adurtpsource.obj
c:\users\linh\downloads\odmhostedplayersample\libs\live555-2013.02.11\obj\win32\debug\mp3adutranscoder.obj
c:\users\linh\downloads\odmhostedplayersample\libs\live555-2013.02.11\obj\win32\debug\dvvideostreamframer.obj
c:\users\linh\downloads\odmhostedplayersample\libs\live555-2013.02.11\obj\win32\debug\ebmlnumber.obj
c:\users\linh\downloads\odmhostedplayersample\libs\live555-2013.02.11\obj\win32\debug\fileservermediasubsession.obj
c:\users\linh\downloads\odmhostedplayersample\libs\live555-2013.02.11\obj\win32\debug\filesink.obj
c:\users\linh\downloads\odmhostedplayersample\libs\live555-2013.02.11\obj\win32\debug\framedfilesource.obj
c:\users\linh\downloads\odmhostedplayersample\libs\live555-2013.02.11\obj\win32\debug\framedfilter.obj
c:\users\linh\downloads\odmhostedplayersample\libs\live555-2013.02.11\obj\win32\debug\framedsource.obj
c:\users\linh\downloads\odmhostedplayersample\libs\live555-2013.02.11\obj\win32\debug\gsmaudiortpsink.obj
c:\users\linh\downloads\odmhostedplayersample\libs\live555-2013.02.11\obj\win32\debug\h261videortpsource.obj
c:\users\linh\downloads\odmhostedplayersample\libs\live555-2013.02.11\obj\win32\debug\h263plusvideofileservermediasubsession.obj
c:\users\linh\downloads\odmhostedplayersample\libs\live555-2013.02.11\obj\win32\debug\h263plusvideortpsink.obj
c:\users\linh\downloads\odmhostedplayersample\libs\live555-2013.02.11\obj\win32\debug\h263plusvideortpsource.obj
c:\users\linh\downloads\odmhostedplayersample\libs\live555-2013.02.11\obj\win32\debug\h263plusvideostreamframer.obj
c:\users\linh\downloads\odmhostedplayersample\libs\live555-2013.02.11\obj\win32\debug\h263plusvideostreamparser.obj
c:\users\linh\downloads\odmhostedplayersample\libs\live555-2013.02.11\obj\win32\debug\h264videofileservermediasubsession.obj
c:\users\linh\downloads\odmhostedplayersample\libs\live555-2013.02.11\obj\win32\debug\h264videofilesink.obj
c:\users\linh\downloads\odmhostedplayersample\libs\live555-2013.02.11\obj\win32\debug\h264videomatroskafileservermediasubsession.obj
c:\users\linh\downloads\odmhostedplayersample\libs\live555-2013.02.11\obj\win32\debug\h264videortpsink.obj
c:\users\linh\downloads\odmhostedplayersample\libs\live555-2013.02.11\obj\win32\debug\h264videortpsource.obj
c:\users\linh\downloads\odmhostedplayersample\libs\live555-2013.02.11\obj\win32\debug\h264videostreamdiscreteframer.obj
c:\users\linh\downloads\odmhostedplayersample\libs\live555-2013.02.11\obj\win32\debug\amraudiofilesource.obj
c:\users\linh\downloads\odmhostedplayersample\libs\live555-2013.02.11\obj\win32\debug\amraudiortpsink.obj
c:\users\linh\downloads\odmhostedplayersample\libs\live555-2013.02.11\obj\win32\debug\amraudiortpsource.obj
c:\users\linh\downloads\odmhostedplayersample\libs\live555-2013.02.11\obj\win32\debug\amraudiosource.obj
c:\users\linh\downloads\odmhostedplayersample\libs\live555-2013.02.11\obj\win32\debug\audioinputdevice.obj
c:\users\linh\downloads\odmhostedplayersample\libs\live555-2013.02.11\obj\win32\debug\audiortpsink.obj
c:\users\linh\downloads\odmhostedplayersample\libs\live555-2013.02.11\obj\win32\debug\avifilesink.obj
c:\users\linh\downloads\odmhostedplayersample\libs\live555-2013.02.11\obj\win32\debug\base64.obj
c:\users\linh\downloads\odmhostedplayersample\libs\live555-2013.02.11\obj\win32\debug\basicudpsink.obj
c:\users\linh\downloads\odmhostedplayersample\libs\live555-2013.02.11\obj\win32\debug\basicudpsource.obj
c:\users\linh\downloads\odmhostedplayersample\libs\live555-2013.02.11\obj\win32\debug\bitvector.obj
c:\users\linh\downloads\odmhostedplayersample\libs\live555-2013.02.11\obj\win32\debug\bytestreamfilesource.obj
c:\users\linh\downloads\odmhostedplayersample\libs\live555-2013.02.11\obj\win32\debug\bytestreammemorybuffersource.obj
c:\users\linh\downloads\odmhostedplayersample\libs\live555-2013.02.11\obj\win32\debug\bytestreammultifilesource.obj
c:\users\linh\downloads\odmhostedplayersample\libs\live555-2013.02.11\obj\win32\debug\darwininjector.obj
c:\users\linh\downloads\odmhostedplayersample\libs\live555-2013.02.11\obj\win32\debug\devicesource.obj
c:\users\linh\downloads\odmhostedplayersample\libs\live555-2013.02.11\obj\win32\debug\digestauthentication.obj
c:\users\linh\downloads\odmhostedplayersample\libs\live555-2013.02.11\obj\win32\debug\dvvideofileservermediasubsession.obj
c:\users\linh\downloads\odmhostedplayersample\libs\live555-2013.02.11\obj\win32\debug\dvvideortpsink.obj
c:\users\linh\downloads\odmhostedplayersample\libs\live555-2013.02.11\obj\win32\debug\dvvideortpsource.obj
c:\users\linh\downloads\odmhostedplayersample\libs\live555-2013.02.11\obj\win32\debug\basictaskscheduler0.obj
c:\users\linh\downloads\odmhostedplayersample\libs\live555-2013.02.11\obj\win32\debug\basicusageenvironment.obj
c:\users\linh\downloads\odmhostedplayersample\libs\live555-2013.02.11\obj\win32\debug\basicusageenvironment0.obj
c:\users\linh\downloads\odmhostedplayersample\libs\live555-2013.02.11\obj\win32\debug\delayqueue.obj
c:\users\linh\downloads\odmhostedplayersample\libs\live555-2013.02.11\obj\win32\debug\groupeid.obj
c:\users\linh\downloads\odmhostedplayersample\libs\live555-2013.02.11\obj\win32\debug\groupsock.obj
c:\users\linh\downloads\odmhostedplayersample\libs\live555-2013.02.11\obj\win32\debug\groupsockhelper.obj
c:\users\linh\downloads\odmhostedplayersample\libs\live555-2013.02.11\obj\win32\debug\iohandlers.obj
c:\users\linh\downloads\odmhostedplayersample\libs\live555-2013.02.11\obj\win32\debug\netaddress.obj
c:\users\linh\downloads\odmhostedplayersample\libs\live555-2013.02.11\obj\win32\debug\netinterface.obj
c:\users\linh\downloads\odmhostedplayersample\libs\live555-2013.02.11\obj\win32\debug\aacaudiomatroskafileservermediasubsession.obj
c:\users\linh\downloads\odmhostedplayersample\libs\live555-2013.02.11\obj\win32\debug\ac3audiofileservermediasubsession.obj
c:\users\linh\downloads\odmhostedplayersample\libs\live555-2013.02.11\obj\win32\debug\ac3audiomatroskafileservermediasubsession.obj
c:\users\linh\downloads\odmhostedplayersample\libs\live555-2013.02.11\obj\win32\debug\ac3audiortpsink.obj
c:\users\linh\downloads\odmhostedplayersample\libs\live555-2013.02.11\obj\win32\debug\ac3audiortpsource.obj
c:\users\linh\downloads\odmhostedplayersample\libs\live555-2013.02.11\obj\win32\debug\ac3audiostreamframer.obj
c:\users\linh\downloads\odmhostedplayersample\libs\live555-2013.02.11\obj\win32\debug\adtsaudiofileservermediasubsession.obj
c:\users\linh\downloads\odmhostedplayersample\libs\live555-2013.02.11\obj\win32\debug\adtsaudiofilesource.obj
c:\users\linh\downloads\odmhostedplayersample\libs\live555-2013.02.11\obj\win32\debug\amraudiofileservermediasubsession.obj
c:\users\linh\downloads\odmhostedplayersample\libs\live555-2013.02.11\obj\win32\debug\amraudiofilesink.obj
c:\users\linh\downloads\odmhostedplayersample\libs\live555-2013.02.11\obj\win32\debug\basichashtable.obj
c:\users\linh\downloads\odmhostedplayersample\libs\live555-2013.02.11\obj\win32\debug\basictaskscheduler.obj
c:\users\linh\downloads\odmhostedplayersample\libs\live555-2013.02.11\obj\win32\debug\inet.obj
c:\users\linh\downloads\odmhostedplayersample\libs\live555-2013.02.11\obj\win32\debug\our_md5.obj
c:\users\linh\downloads\odmhostedplayersample\libs\live555-2013.02.11\obj\win32\debug\our_md5hl.obj
c:\users\linh\downloads\odmhostedplayersample\libs\live555-2013.02.11\obj\win32\debug\rtcp_from_spec.obj
c:\users\linh\downloads\odmhostedplayersample\libs\live555-2013.02.11\bin\win32\debug\live555.exe
c:\users\linh\downloads\odmhostedplayersample\libs\live555-2013.02.11\obj\win32\debug\live555.tlog\cl.command.1.tlog
c:\users\linh\downloads\odmhostedplayersample\libs\live555-2013.02.11\obj\win32\debug\live555.tlog\cl.read.1.tlog
c:\users\linh\downloads\odmhostedplayersample\libs\live555-2013.02.11\obj\win32\debug\live555.tlog\cl.write.1.tlog
c:\users\linh\downloads\odmhostedplayersample\libs\live555-2013.02.11\obj\win32\debug\live555.tlog\lib-link.read.1.tlog
c:\users\linh\downloads\odmhostedplayersample\libs\live555-2013.02.11\obj\win32\debug\live555.tlog\lib-link.write.1.tlog
c:\users\linh\downloads\odmhostedplayersample\libs\live555-2013.02.11\obj\win32\debug\live555.tlog\lib.command.1.tlog
